<?xml version="1.0" encoding="UTF-8"?>
<!-- Generated by org.testng.reporters.JUnitReportReporter -->
<testsuite skipped="0" hostname="DESKTOP-LTDEOOK" name="runners.PositiveTest" tests="1" failures="0" timestamp="2019-10-21T22:21:45 IST" time="8.698" errors="0">
  <testcase name="feature" time="8.698" classname="runners.PositiveTest"/>
</testsuite> <!-- runners.PositiveTest -->
