<?xml version="1.0" encoding="UTF-8"?>
<!-- Generated by org.testng.reporters.JUnitReportReporter -->
<testsuite skipped="1" hostname="DESKTOP-LTDEOOK" name="runners.FailureRerun" tests="1" failures="0" timestamp="2019-10-21T22:17:12 IST" time="0.000" errors="0">
  <testcase name="feature" time="0.000" classname="runners.FailureRerun">
    <skipped/>
  </testcase> <!-- feature -->
</testsuite> <!-- runners.FailureRerun -->
